Setting stack size to unlimited...
core file size          (blocks, -c) 0
data seg size           (kbytes, -d) unlimited
scheduling priority             (-e) 0
file size               (blocks, -f) unlimited
pending signals                 (-i) 2060587
max locked memory       (kbytes, -l) unlimited
max memory size         (kbytes, -m) 20971520
open files                      (-n) 65535
pipe size            (512 bytes, -p) 8
POSIX message queues     (bytes, -q) 819200
real-time priority              (-r) 0
stack size              (kbytes, -s) unlimited
cpu time               (seconds, -t) unlimited
max user processes              (-u) 4096
virtual memory          (kbytes, -v) unlimited
file locks                      (-x) unlimited

Running Job...!
===============================================================================
Running compiled binary...
resolution (n) = 50, number of frames (f) = 10
blocks (b) = 31250, threads (t) = 64
CPU
Time taken: 2.392115 | Performance: 0.522550 mln_cubes/sec 

Part1&2
Time taken: 
Kernels: 0.588091 sec | Performance: 2.125521 mln_cubes/sec 
Memcpy:  0.371658 sec 
Extra:   0.904067 sec 
Total:   1.863816 sec
GPU memory usage: used = 874.000000, free = 31627.125000 MB, total = 32501.125000 MB
